[2020-05-16 19:05:22] Database connection problem: 2002 : Can't connect to local MySQL server through socket '/var/lib/mysql/mysql.sock' (2)
[2020-05-20 19:05:09] Database connection problem: 2002 : Can't connect to local MySQL server through socket '/var/lib/mysql/mysql.sock' (2)
[2020-05-22 11:05:09] Database connection problem: 2002 : Can't connect to local MySQL server through socket '/var/lib/mysql/mysql.sock' (2)
[2020-05-23 19:00:53] Database connection problem: 1203 : User xakbar_sosnewr already has more than 'max_user_connections' active connections
[2020-05-30 03:05:16] Database connection problem: 2002 : Can't connect to local MySQL server through socket '/var/lib/mysql/mysql.sock' (2)
[2020-05-30 03:05:17] Database connection problem: 2002 : Can't connect to local MySQL server through socket '/var/lib/mysql/mysql.sock' (2)
[2020-05-30 03:05:18] Database connection problem: 2002 : Can't connect to local MySQL server through socket '/var/lib/mysql/mysql.sock' (2)
[2020-05-30 03:05:18] Database connection problem: 2002 : Can't connect to local MySQL server through socket '/var/lib/mysql/mysql.sock' (2)
[2020-06-05 11:05:04] Database connection problem: 2002 : Can't connect to local MySQL server through socket '/var/lib/mysql/mysql.sock' (2)
[2020-06-05 11:05:10] Database connection problem: 2002 : Can't connect to local MySQL server through socket '/var/lib/mysql/mysql.sock' (2)
[2020-06-09 11:05:16] Database connection problem: 2002 : Can't connect to local MySQL server through socket '/var/lib/mysql/mysql.sock' (2)
[2020-06-09 11:05:16] Database connection problem: 2002 : Can't connect to local MySQL server through socket '/var/lib/mysql/mysql.sock' (2)
[2020-06-15 11:05:16] Database connection problem: 2002 : Can't connect to local MySQL server through socket '/var/lib/mysql/mysql.sock' (2)
[2020-06-18 11:05:03] Database connection problem: 2002 : Can't connect to local MySQL server through socket '/var/lib/mysql/mysql.sock' (2)
[2020-06-18 11:05:06] Database connection problem: 2002 : Can't connect to local MySQL server through socket '/var/lib/mysql/mysql.sock' (2)
[2020-06-18 11:05:08] Database connection problem: 2002 : Can't connect to local MySQL server through socket '/var/lib/mysql/mysql.sock' (2)
[2020-06-30 11:05:07] Database connection problem: 2002 : Can't connect to local MySQL server through socket '/var/lib/mysql/mysql.sock' (2)
[2020-07-02 22:04:26] Database connection problem: 1203 : User xakbar_sosnewr already has more than 'max_user_connections' active connections
[2020-07-02 22:04:26] Database connection problem: 1203 : User xakbar_sosnewr already has more than 'max_user_connections' active connections
[2020-07-02 22:04:28] Database connection problem: 1203 : User xakbar_sosnewr already has more than 'max_user_connections' active connections
[2020-07-02 22:04:28] Database connection problem: 1203 : User xakbar_sosnewr already has more than 'max_user_connections' active connections
[2020-07-02 22:04:29] Database connection problem: 1203 : User xakbar_sosnewr already has more than 'max_user_connections' active connections
[2020-07-02 22:04:29] Database connection problem: 1203 : User xakbar_sosnewr already has more than 'max_user_connections' active connections
[2020-07-02 22:04:30] Database connection problem: 1203 : User xakbar_sosnewr already has more than 'max_user_connections' active connections
[2020-07-03 07:51:59] Database connection problem: 1203 : User xakbar_sosnewr already has more than 'max_user_connections' active connections
[2020-07-03 07:51:59] Database connection problem: 1203 : User xakbar_sosnewr already has more than 'max_user_connections' active connections
[2020-07-03 07:52:00] Database connection problem: 1203 : User xakbar_sosnewr already has more than 'max_user_connections' active connections
[2020-07-03 07:52:01] Database connection problem: 1203 : User xakbar_sosnewr already has more than 'max_user_connections' active connections
[2020-07-03 07:52:02] Database connection problem: 1203 : User xakbar_sosnewr already has more than 'max_user_connections' active connections
[2020-07-03 07:52:02] Database connection problem: 1203 : User xakbar_sosnewr already has more than 'max_user_connections' active connections
[2020-07-14 20:12:35] Database connection problem: 1203 : User xakbar_sosnewr already has more than 'max_user_connections' active connections
[2020-07-23 19:05:08] Database connection problem: 2002 : Can't connect to local MySQL server through socket '/var/lib/mysql/mysql.sock' (2)
[2020-07-25 11:05:10] Database connection problem: 2002 : Can't connect to local MySQL server through socket '/var/lib/mysql/mysql.sock' (2)
[2020-07-26 11:05:07] Database connection problem: 2002 : Can't connect to local MySQL server through socket '/var/lib/mysql/mysql.sock' (2)
[2020-07-29 11:05:14] Database connection problem: 2002 : Can't connect to local MySQL server through socket '/var/lib/mysql/mysql.sock' (2)
[2020-07-29 19:22:35] Database connection problem: 1203 : User xakbar_sosnewr already has more than 'max_user_connections' active connections
[2020-07-29 19:22:35] Database connection problem: 1203 : User xakbar_sosnewr already has more than 'max_user_connections' active connections
[2020-08-06 19:05:04] Database connection problem: 2002 : Can't connect to local MySQL server through socket '/var/lib/mysql/mysql.sock' (2)
[2020-08-10 03:05:08] Database connection problem: 2002 : Can't connect to local MySQL server through socket '/var/lib/mysql/mysql.sock' (2)
[2020-08-12 03:05:10] Database connection problem: 2002 : Can't connect to local MySQL server through socket '/var/lib/mysql/mysql.sock' (2)
[2020-08-14 18:38:55] Database connection problem: 1203 : User xakbar_sosnewr already has more than 'max_user_connections' active connections
[2020-08-21 18:21:11] Database connection problem: 1203 : User xakbar_sosnewr already has more than 'max_user_connections' active connections
[2020-08-21 18:21:25] Database connection problem: 1203 : User xakbar_sosnewr already has more than 'max_user_connections' active connections
[2020-08-21 18:24:34] Database connection problem: 1203 : User xakbar_sosnewr already has more than 'max_user_connections' active connections
[2020-08-21 18:27:54] Database connection problem: 1203 : User xakbar_sosnewr already has more than 'max_user_connections' active connections
[2020-08-21 18:28:41] Database connection problem: 1203 : User xakbar_sosnewr already has more than 'max_user_connections' active connections
[2020-08-21 19:05:13] Database connection problem: 2002 : Can't connect to local MySQL server through socket '/var/lib/mysql/mysql.sock' (2)
[2020-08-21 21:29:46] Database connection problem: 1203 : User xakbar_sosnewr already has more than 'max_user_connections' active connections
[2020-08-21 21:30:31] Database connection problem: 1203 : User xakbar_sosnewr already has more than 'max_user_connections' active connections
[2020-08-25 07:45:06] Database connection problem: 1203 : User xakbar_sosnewr already has more than 'max_user_connections' active connections
[2020-08-25 07:45:07] Database connection problem: 1203 : User xakbar_sosnewr already has more than 'max_user_connections' active connections
[2020-08-25 07:45:07] Database connection problem: 1203 : User xakbar_sosnewr already has more than 'max_user_connections' active connections
[2020-08-25 07:45:09] Database connection problem: 1203 : User xakbar_sosnewr already has more than 'max_user_connections' active connections
[2020-08-25 07:45:18] Database connection problem: 1203 : User xakbar_sosnewr already has more than 'max_user_connections' active connections
[2020-08-25 07:45:42] Database connection problem: 1203 : User xakbar_sosnewr already has more than 'max_user_connections' active connections
[2020-08-25 07:46:10] Database connection problem: 1203 : User xakbar_sosnewr already has more than 'max_user_connections' active connections
[2020-08-25 07:47:00] Database connection problem: 1203 : User xakbar_sosnewr already has more than 'max_user_connections' active connections
[2020-08-25 07:48:14] Database connection problem: 1203 : User xakbar_sosnewr already has more than 'max_user_connections' active connections
[2020-08-25 07:48:42] Database connection problem: 1203 : User xakbar_sosnewr already has more than 'max_user_connections' active connections
[2020-08-25 19:08:55] Database connection problem: 1203 : User xakbar_sosnewr already has more than 'max_user_connections' active connections
[2020-08-25 19:08:56] Database connection problem: 1203 : User xakbar_sosnewr already has more than 'max_user_connections' active connections
[2020-08-25 19:09:00] Database connection problem: 1203 : User xakbar_sosnewr already has more than 'max_user_connections' active connections
[2020-08-25 19:09:07] Database connection problem: 1203 : User xakbar_sosnewr already has more than 'max_user_connections' active connections
[2020-08-25 19:09:32] Database connection problem: 1203 : User xakbar_sosnewr already has more than 'max_user_connections' active connections
[2020-08-25 19:09:59] Database connection problem: 1203 : User xakbar_sosnewr already has more than 'max_user_connections' active connections
[2020-08-25 19:10:02] Database connection problem: 1203 : User xakbar_sosnewr already has more than 'max_user_connections' active connections
[2020-08-25 19:11:36] Database connection problem: 1203 : User xakbar_sosnewr already has more than 'max_user_connections' active connections
[2020-08-26 03:05:10] Database connection problem: 2002 : Can't connect to local MySQL server through socket '/var/lib/mysql/mysql.sock' (2)
[2020-08-26 17:31:27] Database connection problem: 1203 : User xakbar_sosnewr already has more than 'max_user_connections' active connections
[2020-08-26 17:32:44] Database connection problem: 1203 : User xakbar_sosnewr already has more than 'max_user_connections' active connections
[2020-08-26 17:32:48] Database connection problem: 1203 : User xakbar_sosnewr already has more than 'max_user_connections' active connections
[2020-08-26 17:33:06] Database connection problem: 1203 : User xakbar_sosnewr already has more than 'max_user_connections' active connections
[2020-08-28 04:11:00] Database connection problem: 1203 : User xakbar_sosnewr already has more than 'max_user_connections' active connections
[2020-08-28 04:11:16] Database connection problem: 1203 : User xakbar_sosnewr already has more than 'max_user_connections' active connections
[2020-08-28 04:11:23] Database connection problem: 1203 : User xakbar_sosnewr already has more than 'max_user_connections' active connections
[2020-08-28 04:11:23] Database connection problem: 1203 : User xakbar_sosnewr already has more than 'max_user_connections' active connections
[2020-08-28 04:11:51] Database connection problem: 1203 : User xakbar_sosnewr already has more than 'max_user_connections' active connections
[2020-08-28 04:12:05] Database connection problem: 1203 : User xakbar_sosnewr already has more than 'max_user_connections' active connections
[2020-08-28 04:12:08] Database connection problem: 1203 : User xakbar_sosnewr already has more than 'max_user_connections' active connections
[2020-08-28 04:13:28] Database connection problem: 1203 : User xakbar_sosnewr already has more than 'max_user_connections' active connections
[2020-08-28 04:13:29] Database connection problem: 1203 : User xakbar_sosnewr already has more than 'max_user_connections' active connections
[2020-08-28 19:05:07] Database connection problem: 2002 : Can't connect to local MySQL server through socket '/var/lib/mysql/mysql.sock' (2)
[2020-08-28 19:05:09] Database connection problem: 2002 : Can't connect to local MySQL server through socket '/var/lib/mysql/mysql.sock' (2)
[2020-08-28 19:05:13] Database connection problem: 2002 : Can't connect to local MySQL server through socket '/var/lib/mysql/mysql.sock' (2)
[2020-09-05 11:05:04] Database connection problem: 2002 : Can't connect to local MySQL server through socket '/var/lib/mysql/mysql.sock' (2)
[2020-09-06 03:05:05] Database connection problem: 2002 : Can't connect to local MySQL server through socket '/var/lib/mysql/mysql.sock' (2)
[2020-09-08 11:05:09] Database connection problem: 2002 : Can't connect to local MySQL server through socket '/var/lib/mysql/mysql.sock' (2)
[2020-09-09 11:05:06] Database connection problem: 2002 : Can't connect to local MySQL server through socket '/var/lib/mysql/mysql.sock' (2)
[2020-09-09 11:05:12] Database connection problem: 2002 : Can't connect to local MySQL server through socket '/var/lib/mysql/mysql.sock' (2)
[2020-09-09 19:05:07] Database connection problem: 2002 : Can't connect to local MySQL server through socket '/var/lib/mysql/mysql.sock' (2)
[2020-09-11 20:29:25] Database connection problem: 1203 : User xakbar_sosnewr already has more than 'max_user_connections' active connections
[2020-09-11 20:29:25] Database connection problem: 1203 : User xakbar_sosnewr already has more than 'max_user_connections' active connections
[2020-09-11 20:29:36] Database connection problem: 1203 : User xakbar_sosnewr already has more than 'max_user_connections' active connections
[2020-09-11 20:29:36] Database connection problem: 1203 : User xakbar_sosnewr already has more than 'max_user_connections' active connections
[2020-09-11 20:29:54] Database connection problem: 1203 : User xakbar_sosnewr already has more than 'max_user_connections' active connections
[2020-09-11 20:31:39] Database connection problem: 1203 : User xakbar_sosnewr already has more than 'max_user_connections' active connections
[2020-09-13 11:05:09] Database connection problem: 2002 : Can't connect to local MySQL server through socket '/var/lib/mysql/mysql.sock' (2)
[2020-09-14 01:38:49] Database connection problem: 1203 : User xakbar_sosnewr already has more than 'max_user_connections' active connections
[2020-09-17 03:05:05] Database connection problem: 2002 : Can't connect to local MySQL server through socket '/var/lib/mysql/mysql.sock' (2)
[2020-09-17 14:53:55] Database connection problem: 1203 : User xakbar_sosnewr already has more than 'max_user_connections' active connections
[2020-09-17 14:53:58] Database connection problem: 1203 : User xakbar_sosnewr already has more than 'max_user_connections' active connections
[2020-09-17 14:54:06] Database connection problem: 1203 : User xakbar_sosnewr already has more than 'max_user_connections' active connections
[2020-09-17 14:54:14] Database connection problem: 1203 : User xakbar_sosnewr already has more than 'max_user_connections' active connections
[2020-09-17 14:54:44] Database connection problem: 1203 : User xakbar_sosnewr already has more than 'max_user_connections' active connections
[2020-09-17 14:54:44] Database connection problem: 1203 : User xakbar_sosnewr already has more than 'max_user_connections' active connections
[2020-09-17 14:55:09] Database connection problem: 1203 : User xakbar_sosnewr already has more than 'max_user_connections' active connections
[2020-09-17 14:56:41] Database connection problem: 1203 : User xakbar_sosnewr already has more than 'max_user_connections' active connections
[2020-09-18 11:25:39] Database connection problem: 1203 : User xakbar_sosnewr already has more than 'max_user_connections' active connections
[2020-09-18 11:25:42] Database connection problem: 1203 : User xakbar_sosnewr already has more than 'max_user_connections' active connections
[2020-09-18 11:25:53] Database connection problem: 1203 : User xakbar_sosnewr already has more than 'max_user_connections' active connections
[2020-09-18 11:25:53] Database connection problem: 1203 : User xakbar_sosnewr already has more than 'max_user_connections' active connections
[2020-09-18 11:25:54] Database connection problem: 1203 : User xakbar_sosnewr already has more than 'max_user_connections' active connections
[2020-09-18 11:25:54] Database connection problem: 1203 : User xakbar_sosnewr already has more than 'max_user_connections' active connections
[2020-09-18 11:26:31] Database connection problem: 1203 : User xakbar_sosnewr already has more than 'max_user_connections' active connections
[2020-09-18 11:26:35] Database connection problem: 1203 : User xakbar_sosnewr already has more than 'max_user_connections' active connections
[2020-09-18 11:27:19] Database connection problem: 1203 : User xakbar_sosnewr already has more than 'max_user_connections' active connections
[2020-09-18 11:27:39] Database connection problem: 1203 : User xakbar_sosnewr already has more than 'max_user_connections' active connections
[2020-09-18 11:27:48] Database connection problem: 1203 : User xakbar_sosnewr already has more than 'max_user_connections' active connections
[2020-09-18 11:31:07] Database connection problem: 1203 : User xakbar_sosnewr already has more than 'max_user_connections' active connections
[2020-09-19 04:26:52] Database connection problem: 1203 : User xakbar_sosnewr already has more than 'max_user_connections' active connections
[2020-09-19 04:26:52] Database connection problem: 1203 : User xakbar_sosnewr already has more than 'max_user_connections' active connections
[2020-09-19 04:26:53] Database connection problem: 1203 : User xakbar_sosnewr already has more than 'max_user_connections' active connections
[2020-09-19 04:26:55] Database connection problem: 1203 : User xakbar_sosnewr already has more than 'max_user_connections' active connections
[2020-09-19 04:27:01] Database connection problem: 1203 : User xakbar_sosnewr already has more than 'max_user_connections' active connections
[2020-09-19 04:27:15] Database connection problem: 1203 : User xakbar_sosnewr already has more than 'max_user_connections' active connections
[2020-09-19 04:27:15] Database connection problem: 1203 : User xakbar_sosnewr already has more than 'max_user_connections' active connections
[2020-09-19 04:28:57] Database connection problem: 1203 : User xakbar_sosnewr already has more than 'max_user_connections' active connections
[2020-09-19 04:29:05] Database connection problem: 1203 : User xakbar_sosnewr already has more than 'max_user_connections' active connections
[2020-09-19 10:12:49] Database connection problem: 1203 : User xakbar_sosnewr already has more than 'max_user_connections' active connections
[2020-09-19 10:15:42] Database connection problem: 1203 : User xakbar_sosnewr already has more than 'max_user_connections' active connections
[2020-09-21 17:30:11] Database connection problem: 1203 : User xakbar_sosnewr already has more than 'max_user_connections' active connections
[2020-09-21 17:30:12] Database connection problem: 1203 : User xakbar_sosnewr already has more than 'max_user_connections' active connections
[2020-09-22 20:00:07] Database connection problem: 1203 : User xakbar_sosnewr already has more than 'max_user_connections' active connections
[2020-09-22 20:01:04] Database connection problem: 1203 : User xakbar_sosnewr already has more than 'max_user_connections' active connections
[2020-09-22 20:01:18] Database connection problem: 1203 : User xakbar_sosnewr already has more than 'max_user_connections' active connections
[2020-09-22 20:02:42] Database connection problem: 1203 : User xakbar_sosnewr already has more than 'max_user_connections' active connections
[2020-09-22 20:03:21] Database connection problem: 1203 : User xakbar_sosnewr already has more than 'max_user_connections' active connections
[2020-09-22 20:03:21] Database connection problem: 1203 : User xakbar_sosnewr already has more than 'max_user_connections' active connections
[2020-10-01 11:05:07] Database connection problem: 2002 : Can't connect to local MySQL server through socket '/var/lib/mysql/mysql.sock' (2)
[2020-10-01 19:05:12] Database connection problem: 2002 : Can't connect to local MySQL server through socket '/var/lib/mysql/mysql.sock' (2)
[2020-10-01 19:05:16] Database connection problem: 2002 : Can't connect to local MySQL server through socket '/var/lib/mysql/mysql.sock' (2)
[2020-10-03 11:05:18] Database connection problem: 2002 : Can't connect to local MySQL server through socket '/var/lib/mysql/mysql.sock' (2)
[2020-10-07 11:05:03] Database connection problem: 2002 : Can't connect to local MySQL server through socket '/var/lib/mysql/mysql.sock' (2)
[2020-10-08 18:11:40] Database connection problem: 1203 : User xakbar_sosnewr already has more than 'max_user_connections' active connections
[2020-10-08 18:11:40] Database connection problem: 1203 : User xakbar_sosnewr already has more than 'max_user_connections' active connections
[2020-10-08 18:11:40] Database connection problem: 1203 : User xakbar_sosnewr already has more than 'max_user_connections' active connections
[2020-10-11 14:28:22] Database connection problem: 1203 : User xakbar_sosnewr already has more than 'max_user_connections' active connections
[2020-10-14 18:36:53] Database connection problem: 1135 : Can't create a new thread (errno 11); if you are not out of available memory, you can consult the manual for a possible OS-dependent bug
[2020-10-14 18:36:53] Database connection problem: 1135 : Can't create a new thread (errno 11); if you are not out of available memory, you can consult the manual for a possible OS-dependent bug
[2020-10-14 18:36:53] Database connection problem: 1135 : Can't create a new thread (errno 11); if you are not out of available memory, you can consult the manual for a possible OS-dependent bug
[2020-10-14 18:36:53] Database connection problem: 1135 : Can't create a new thread (errno 11); if you are not out of available memory, you can consult the manual for a possible OS-dependent bug
[2020-10-14 18:36:53] Database connection problem: 1135 : Can't create a new thread (errno 11); if you are not out of available memory, you can consult the manual for a possible OS-dependent bug
[2020-10-14 18:36:53] Database connection problem: 1135 : Can't create a new thread (errno 11); if you are not out of available memory, you can consult the manual for a possible OS-dependent bug
[2020-10-17 11:05:08] Database connection problem: 2002 : Can't connect to local MySQL server through socket '/var/lib/mysql/mysql.sock' (2)
[2020-10-22 11:05:07] Database connection problem: 2002 : Can't connect to local MySQL server through socket '/var/lib/mysql/mysql.sock' (2)
[2020-10-25 03:05:05] Database connection problem: 2002 : Can't connect to local MySQL server through socket '/var/lib/mysql/mysql.sock' (2)
[2020-12-26 03:26:35] Database connection problem: 1040 : Too many connections
[2021-01-02 03:10:36] Database connection problem: 1040 : Too many connections
[2021-04-17 02:59:24] Database connection problem: 1040 : Too many connections
[2021-05-29 03:10:11] Database connection problem: 1040 : Too many connections
[2021-06-19 04:04:10] Database connection problem: 1040 : Too many connections
[2021-08-21 03:29:55] Database connection problem: 1040 : Too many connections
[2021-08-28 07:58:21] Database connection problem: 1040 : Too many connections
[2021-08-28 07:58:40] Database connection problem: 1040 : Too many connections
[2021-09-11 08:23:47] Database connection problem: 1040 : Too many connections
[2021-10-09 03:52:03] Database connection problem: 1040 : Too many connections
[2021-11-06 05:30:32] Database connection problem: 2002 : No such file or directory
[2022-02-12 05:48:45] Database connection problem: 1040 : Too many connections
[2022-04-02 05:32:10] Database connection problem: 2002 : No such file or directory
[2022-07-04 16:55:35] Database connection problem: 2002 : Connection refused
[2022-07-04 16:55:35] Database connection problem: 2002 : Connection refused
[2022-07-04 16:55:58] Database connection problem: 2002 : Connection refused
[2022-07-04 16:56:21] Database connection problem: 2002 : Connection refused
[2022-07-04 16:56:32] Database connection problem: 2002 : Connection refused
[2022-07-04 16:56:42] Database connection problem: 2002 : Connection refused
[2022-12-10 19:03:54] Database connection problem: 1040 : Too many connections
[2022-12-10 19:15:32] Database connection problem: 1040 : Too many connections
[2022-12-10 19:28:06] Database connection problem: 1040 : Too many connections
[2022-12-10 19:37:53] Database connection problem: 1040 : Too many connections
[2022-12-10 19:42:14] Database connection problem: 1040 : Too many connections
[2022-12-10 20:01:27] Database connection problem: 1040 : Too many connectio[2023-05-05 09:47:55] Database connection problem: 1203 : User soskduz_dbuser already has more than 'max_user_connections' active connections
[2023-05-05 09:47:56] Database connection problem: 1203 : User soskduz_dbuser already has more than 'max_user_connections' active connections
[2023-05-05 09:47:57] Database connection problem: 1203 : User soskduz_dbuser already has more than 'max_user_connections' active connections
[2023-05-05 09:48:06] Database connection problem: 1203 : User soskduz_dbuser already has more than 'max_user_connections' active connections
[2023-05-05 09:48:09] Database connection problem: 1203 : User soskduz_dbuser already has more than 'max_user_connections' active connections
[2023-05-05 09:48:09] Database connection problem: 1203 : User soskduz_dbuser already has more than 'max_user_connections' active connections
[2023-05-05 09:48:10] Database connection problem: 1203 : User soskduz_dbuser already has more than 'max_user_connections' active connections
[2023-05-05 09:48:11] Database connection problem: 1203 : User soskduz_dbuser already has more than 'max_user_connections' active connections
[2023-05-05 09:48:12] Database connection problem: 1203 : User soskduz_dbuser already has more than 'max_user_connections' active connections
[2023-05-05 09:48:12] Database connection problem: 1203 : User soskduz_dbuser already has more than 'max_user_connections' active connections
[2023-05-05 09:48:13] Database connection problem: 1203 : User soskduz_dbuser already has more than 'max_user_connections' active connections
[2023-05-05 09:48:14] Database connection problem: 1203 : User soskduz_dbuser already has more than 'max_user_connections' active connections
[2023-05-05 09:48:17] Database connection problem: 1203 : User soskduz_dbuser already has more than 'max_user_connections' active connections
[2023-05-05 09:48:26] Database connection problem: 1203 : User soskduz_dbuser already has more than 'max_user_connections' active connections
[2023-05-05 09:48:26] Database connection problem: 1203 : User soskduz_dbuser already has more than 'max_user_connections' active connections
[2023-05-05 20:50:41] Database connection problem: 1203 : User soskduz_dbuser already has more than 'max_user_connections' active connections
[2023-05-05 20:50:41] Database connection problem: 1203 : User soskduz_dbuser already has more than 'max_user_connections' active connections
[2023-05-05 20:50:41] Database connection problem: 1203 : User soskduz_dbuser already has more than 'max_user_connections' active connections
[2023-05-05 20:50:42] Database connection problem: 1203 : User soskduz_dbuser already has more than 'max_user_connections' active connections
[2023-05-05 20:50:42] Database connection problem: 1203 : User soskduz_dbuser already has more than 'max_user_connections' active connections
[2023-05-05 20:50:42] Database connection problem: 1203 : User soskduz_dbuser already has more than 'max_user_connections' active connections
[2023-05-05 20:50:42] Database connection problem: 1203 : User soskduz_dbuser already has more than 'max_user_connections' active connections
[2023-05-05 20:50:42] Database connection problem: 1203 : User soskduz_dbuser already has more than 'max_user_connections' active connections
[2023-05-05 20:50:42] Database connection problem: 1203 : User soskduz_dbuser already has more than 'max_user_connections' active connections
[2023-05-05 20:50:42] Database connection problem: 1203 : User soskduz_dbuser already has more than 'max_user_connections' active connections
[2023-05-05 20:50:42] Database connection problem: 1203 : User soskduz_dbuser already has more than 'max_user_connections' active connections
[2023-05-05 20:50:43] Database connection problem: 1203 : User soskduz_dbuser already has more than 'max_user_connections' active connections
[2023-05-05 20:50:43] Database connection problem: 1203 : User soskduz_dbuser already has more than 'max_user_connections' active connections
[2023-05-05 20:50:43] Database connection problem: 1203 : User soskduz_dbuser already has more than 'max_user_connections' active connections
[2023-05-05 20:50:43] Database connection problem: 1203 : User soskduz_dbuser already has more than 'max_user_connections' active connections
[2023-05-05 20:50:43] Database connection problem: 1203 : User soskduz_dbuser already has more than 'max_user_connections' active connections
[2023-05-05 20:50:43] Database connection problem: 1203 : User soskduz_dbuser already has more than 'max_user_connections' active connections
[2023-05-05 20:50:43] Database connection problem: 1203 : User soskduz_dbuser already has more than 'max_user_connections' active connections
[2023-05-05 20:50:43] Database connection problem: 1203 : User soskduz_dbuser already has more than 'max_user_connections' active connections
[2023-05-05 20:50:43] Database connection problem: 1203 : User soskduz_dbuser already has more than 'max_user_connections' active connections
[2023-05-05 20:50:43] Database connection problem: 1203 : User soskduz_dbuser already has more than 'max_user_connections' active connections
[2023-05-05 20:50:43] Database connection problem: 1203 : User soskduz_dbuser already has more than 'max_user_connections' active connections
[2023-05-05 20:50:44] Database connection problem: 1203 : User soskduz_dbuser already has more than 'max_user_connections' active connections
[2023-05-05 20:50:44] Database connection problem: 1203 : User soskduz_dbuser already has more than 'max_user_connections' active connections
[2023-05-05 20:51:09] Database connection problem: 1203 : User soskduz_dbuser already has more than 'max_user_connections' active connections
[2023-05-05 20:51:11] Database connection problem: 1203 : User soskduz_dbuser already has more than 'max_user_connections' active connections
[2023-05-05 20:51:11] Database connection problem: 1203 : User soskduz_dbuser already has more than 'max_user_connections' active connections
[2023-05-05 20:51:12] Database connection problem: 1203 : User soskduz_dbuser already has more than 'max_user_connections' active connections
[2023-05-05 20:51:12] Database connection problem: 1203 : User soskduz_dbuser already has more than 'max_user_connections' active connections
[2023-05-05 20:51:12] Database connection problem: 1203 : User soskduz_dbuser already has more than 'max_user_connections' active connections
[2023-05-05 20:51:12] Database connection problem: 1203 : User soskduz_dbuser already has more than 'max_user_connections' active connections
[2023-05-05 20:51:12] Database connection problem: 1203 : User soskduz_dbuser already has more than 'max_user_connections' active connections
[2023-05-05 20:51:12] Database connection problem: 1203 : User soskduz_dbuser already has more than 'max_user_connections' active connections
[2023-05-05 20:51:12] Database connection problem: 1203 : User soskduz_dbuser already has more than 'max_user_connections' active connections
[2023-05-05 20:51:12] Database connection problem: 1203 : User soskduz_dbuser already has more than 'max_user_connections' active connections
[2023-05-05 20:51:12] Database connection problem: 1203 : User soskduz_dbuser already has more than 'max_user_connections' active connections
[2023-05-05 20:51:12] Database connection problem: 1203 : User soskduz_dbuser already has more than 'max_user_connections' active connections
[2023-05-05 20:51:12] Database connection problem: 1203 : User soskduz_dbuser already has more than 'max_user_connections' active connections
[2023-05-05 20:51:12] Database connection problem: 1203 : User soskduz_dbuser already has more than 'max_user_connections' active connections
[2023-05-05 20:51:12] Database connection problem: 1203 : User soskduz_dbuser already has more than 'max_user_connections' active connections
[2023-05-05 20:51:13] Database connection problem: 1203 : User soskduz_dbuser already has more than 'max_user_connections' active connections
[2023-05-05 20:51:13] Database connection problem: 1203 : User soskduz_dbuser already has more than 'max_user_connections' active connections
[2023-05-05 20:51:13] Database connection problem: 1203 : User soskduz_dbuser already has more than 'max_user_connections' active connections
[2023-05-05 20:51:13] Database connection problem: 1203 : User soskduz_dbuser already has more than 'max_user_connections' active connections
[2023-05-05 20:51:13] Database connection problem: 1203 : User soskduz_dbuser already has more than 'max_user_connections' active connections
[2023-05-05 20:51:13] Database connection problem: 1203 : User soskduz_dbuser already has more than 'max_user_connections' active connections
[2023-05-05 20:51:25] Database connection problem: 1203 : User soskduz_dbuser already has more than 'max_user_connections' active connections
[2023-05-07 16:14:19] Database connection problem: 1203 : User soskduz_dbuser already has more than 'max_user_connections' active connections
[2023-05-07 16:14:20] Database connection problem: 1203 : User soskduz_dbuser already has more than 'max_user_connections' active connections
[2023-05-07 16:14:20] Database connection problem: 1203 : User soskduz_dbuser already has more than 'max_user_connections' active connections
[2023-05-07 16:14:20] Database connection problem: 1203 : User soskduz_dbuser already has more than 'max_user_connections' active connections
[2023-05-07 16:14:20] Database connection problem: 1203 : User soskduz_dbuser already has more than 'max_user_connections' active connections
[2023-05-07 16:14:20] Database connection problem: 1203 : User soskduz_dbuser already has more than 'max_user_connections' active connections
[2023-05-07 16:14:21] Database connection problem: 1203 : User soskduz_dbuser already has more than 'max_user_connections' active connections
[2023-05-07 16:14:21] Database connection problem: 1203 : User soskduz_dbuser already has more than 'max_user_connections' active connections
[2023-05-07 16:14:21] Database connection problem: 1203 : User soskduz_dbuser already has more than 'max_user_connections' active connections
[2023-05-07 16:14:21] Database connection problem: 1203 : User soskduz_dbuser already has more than 'max_user_connections' active connections
[2023-05-07 16:14:21] Database connection problem: 1203 : User soskduz_dbuser already has more than 'max_user_connections' active connections
[2023-05-07 16:14:21] Database connection problem: 1203 : User soskduz_dbuser already has more than 'max_user_connections' active connections
[2023-05-07 16:14:22] Database connection problem: 1203 : User soskduz_dbuser already has more than 'max_user_connections' active connections
[2023-05-07 16:14:24] Database connection problem: 1203 : User soskduz_dbuser already has more than 'max_user_connections' active connections
[2023-05-07 16:14:25] Database connection problem: 1203 : User soskduz_dbuser already has more than 'max_user_connections' active connections
[2023-05-07 16:14:25] Database connection problem: 1203 : User soskduz_dbuser already has more than 'max_user_connections' active connections
[2023-05-07 16:14:25] Database connection problem: 1203 : User soskduz_dbuser already has more than 'max_user_connections' active connections
[2023-05-07 16:14:25] Database connection problem: 1203 : User soskduz_dbuser already has more than 'max_user_connections' active connections
[2023-05-07 16:14:25] Database connection problem: 1203 : User soskduz_dbuser already has more than 'max_user_connections' active connections
[2023-05-07 16:14:25] Database connection problem: 1203 : User soskduz_dbuser already has more than 'max_user_connections' active connections
[2023-05-07 16:14:25] Database connection problem: 1203 : User soskduz_dbuser already has more than 'max_user_connections' active connections
[2023-05-07 16:14:25] Database connection problem: 1203 : User soskduz_dbuser already has more than 'max_user_connections' active connections
[2023-05-07 16:14:25] Database connection problem: 1203 : User soskduz_dbuser already has more than 'max_user_connections' active connections
[2023-05-07 16:14:25] Database connection problem: 1203 : User soskduz_dbuser already has more than 'max_user_connections' active connections
[2023-05-07 16:14:25] Database connection problem: 1203 : User soskduz_dbuser already has more than 'max_user_connections' active connections
[2023-05-07 16:14:26] Database connection problem: 1203 : User soskduz_dbuser already has more than 'max_user_connections' active connections
[2023-05-07 16:14:26] Database connection problem: 1203 : User soskduz_dbuser already has more than 'max_user_connections' active connections
[2023-05-07 16:14:27] Database connection problem: 1203 : User soskduz_dbuser already has more than 'max_user_connections' active connections
[2023-05-07 16:14:27] Database connection problem: 1203 : User soskduz_dbuser already has more than 'max_user_connections' active connections
[2023-05-07 16:14:27] Database connection problem: 1203 : User soskduz_dbuser already has more than 'max_user_connections' active connections
[2023-05-07 16:14:27] Database connection problem: 1203 : User soskduz_dbuser already has more than 'max_user_connections' active connections
[2023-05-07 16:14:30] Database connection problem: 1203 : User soskduz_dbuser already has more than 'max_user_connections' active connections
[2023-05-07 16:14:31] Database connection problem: 1203 : User soskduz_dbuser already has more than 'max_user_connections' active connections
[2023-05-07 16:14:32] Database connection problem: 1203 : User soskduz_dbuser already has more than 'max_user_connections' active connections
[2023-05-08 12:54:13] Database connection problem: 1203 : User soskduz_dbuser already has more than 'max_user_connections' active connections
[2023-05-08 12:54:13] Database connection problem: 1203 : User soskduz_dbuser already has more than 'max_user_connections' active connections
[2023-05-08 12:54:13] Database connection problem: 1203 : User soskduz_dbuser already has more than 'max_user_connections' active connections
[2023-05-08 12:54:14] Database connection problem: 1203 : User soskduz_dbuser already has more than 'max_user_connections' active connections
[2023-05-08 12:54:14] Database connection problem: 1203 : User soskduz_dbuser already has more than 'max_user_connections' active connections
[2023-05-08 12:54:14] Database connection problem: 1203 : User soskduz_dbuser already has more than 'max_user_connections' active connections
[2023-05-08 12:54:14] Database connection problem: 1203 : User soskduz_dbuser already has more than 'max_user_connections' active connections
[2023-05-08 12:54:14] Database connection problem: 1203 : User soskduz_dbuser already has more than 'max_user_connections' active connections
[2023-05-08 12:54:14] Database connection problem: 1203 : User soskduz_dbuser already has more than 'max_user_connections' active connections
[2023-05-08 12:54:14] Database connection problem: 1203 : User soskduz_dbuser already has more than 'max_user_connections' active connections
[2023-05-08 12:54:14] Database connection problem: 1203 : User soskduz_dbuser already has more than 'max_user_connections' active connections
[2023-05-08 12:54:14] Database connection problem: 1203 : User soskduz_dbuser already has more than 'max_user_connections' active connections
[2023-05-08 12:54:14] Database connection problem: 1203 : User soskduz_dbuser already has more than 'max_user_connections' active connections
[2023-05-08 12:54:14] Database connection problem: 1203 : User soskduz_dbuser already has more than 'max_user_connections' active connections
[2023-05-08 12:54:14] Database connection problem: 1203 : User soskduz_dbuser already has more than 'max_user_connections' active connections
[2023-05-08 12:54:15] Database connection problem: 1203 : User soskduz_dbuser already has more than 'max_user_connections' active connections
[2023-05-08 12:54:15] Database connection problem: 1203 : User soskduz_dbuser already has more than 'max_user_connections' active connections
[2023-05-08 12:54:15] Database connection problem: 1203 : User soskduz_dbuser already has more than 'max_user_connections' active connections
[2023-05-08 12:54:15] Database connection problem: 1203 : User soskduz_dbuser already has more than 'max_user_connections' active connections
[2023-05-08 12:54:15] Database connection problem: 1203 : User soskduz_dbuser already has more than 'max_user_connections' active connections
[2023-05-08 12:54:15] Database connection problem: 1203 : User soskduz_dbuser already has more than 'max_user_connections' active connections
[2023-05-08 12:54:15] Database connection problem: 1203 : User soskduz_dbuser already has more than 'max_user_connections' active connections
[2023-05-08 12:54:17] Database connection problem: 1203 : User soskduz_dbuser already has more than 'max_user_connections' active connections
[2023-05-08 12:54:17] Database connection problem: 1203 : User soskduz_dbuser already has more than 'max_user_connections' active connections
[2023-05-08 12:54:17] Database connection problem: 1203 : User soskduz_dbuser already has more than 'max_user_connections' active connections
[2023-05-08 12:54:17] Database connection problem: 1203 : User soskduz_dbuser already has more than 'max_user_connections' active connections
[2023-05-08 12:54:17] Database connection problem: 1203 : User soskduz_dbuser already has more than 'max_user_connections' active connections
[2023-05-08 12:54:17] Database connection problem: 1203 : User soskduz_dbuser already has more than 'max_user_connections' active connections
[2023-05-08 12:54:17] Database connection problem: 1203 : User soskduz_dbuser already has more than 'max_user_connections' active connections
[2023-05-08 12:54:17] Database connection problem: 1203 : User soskduz_dbuser already has more than 'max_user_connections' active connections
[2023-05-08 12:54:17] Database connection problem: 1203 : User soskduz_dbuser already has more than 'max_user_connections' active connections
[2023-05-08 12:54:18] Database connection problem: 1203 : User soskduz_dbuser already has more than 'max_user_connections' active connections
[2023-05-08 12:54:18] Database connection problem: 1203 : User soskduz_dbuser already has more than 'max_user_connections' active connections
[2023-05-08 12:54:18] Database connection problem: 1203 : User soskduz_dbuser already has more than 'max_user_connections' active connections
[2023-05-08 12:54:18] Database connection problem: 1203 : User soskduz_dbuser already has more than 'max_user_connections' active connections
[2023-05-08 12:54:18] Database connection problem: 1203 : User soskduz_dbuser already has more than 'max_user_connections' active connections
[2023-05-08 12:54:18] Database connection problem: 1203 : User soskduz_dbuser already has more than 'max_user_connections' active connections
[2023-05-08 12:54:19] Database connection problem: 1203 : User soskduz_dbuser already has more than 'max_user_connections' active connections
[2023-05-08 12:54:19] Database connection problem: 1203 : User soskduz_dbuser already has more than 'max_user_connections' active connections
[2023-05-08 12:54:19] Database connection problem: 1203 : User soskduz_dbuser already has more than 'max_user_connections' active connections
[2023-05-13 14:23:42] Database connection problem: 1203 : User soskduz_dbuser already has more than 'max_user_connections' active connections
[2023-05-13 14:23:42] Database connection problem: 1203 : User soskduz_dbuser already has more than 'max_user_connections' active connections
[2023-05-13 14:23:43] Database connection problem: 1203 : User soskduz_dbuser already has more than 'max_user_connections' active connections
[2023-05-13 14:23:43] Database connection problem: 1203 : User soskduz_dbuser already has more than 'max_user_connections' active connections
[2023-05-13 14:24:00] Database connection problem: 1203 : User soskduz_dbuser already has more than 'max_user_connections' active connections
[2023-05-13 14:24:01] Database connection problem: 1203 : User soskduz_dbuser already has more than 'max_user_connections' active connections
[2023-05-13 14:24:05] Database connection problem: 1203 : User soskduz_dbuser already has more than 'max_user_connections' active connections
[2023-05-13 14:24:08] Database connection problem: 1203 : User soskduz_dbuser already has more than 'max_user_connections' active connections
[2023-05-13 14:24:13] Database connection problem: 1203 : User soskduz_dbuser already has more than 'max_user_connections' active connections
[2023-05-13 14:24:14] Database connection problem: 1203 : User soskduz_dbuser already has more than 'max_user_connections' active connections
[2023-05-13 14:24:14] Database connection problem: 1203 : User soskduz_dbuser already has more than 'max_user_connections' active connections
[2023-05-13 14:24:14] Database connection problem: 1203 : User soskduz_dbuser already has more than 'max_user_connections' active connections
[2023-05-13 14:24:14] Database connection problem: 1203 : User soskduz_dbuser already has more than 'max_user_connections' active connections
[2023-05-13 14:24:14] Database connection problem: 1203 : User soskduz_dbuser already has more than 'max_user_connections' active connections
[2023-05-13 14:24:15] Database connection problem: 1203 : User soskduz_dbuser already has more than 'max_user_connections' active connections
[2023-05-13 14:24:15] Database connection problem: 1203 : User soskduz_dbuser already has more than 'max_user_connections' active connections
[2023-05-13 14:24:15] Database connection problem: 1203 : User soskduz_dbuser already has more than 'max_user_connections' active connections
[2023-05-13 14:24:15] Database connection problem: 1203 : User soskduz_dbuser already has more than 'max_user_connections' active connections
[2023-05-13 14:24:15] Database connection problem: 1203 : User soskduz_dbuser already has more than 'max_user_connections' active connections
[2023-05-13 14:24:15] Database connection problem: 1203 : User soskduz_dbuser already has more than 'max_user_connections' active connections
[2023-05-13 14:24:15] Database connection problem: 1203 : User soskduz_dbuser already has more than 'max_user_connections' active connections
[2023-05-13 14:24:16] Database connection problem: 1203 : User soskduz_dbuser already has more than 'max_user_connections' active connections
[2023-05-13 14:24:16] Database connection problem: 1203 : User soskduz_dbuser already has more than 'max_user_connections' active connections
[2023-05-13 14:24:16] Database connection problem: 1203 : User soskduz_dbuser already has more than 'max_user_connections' active connections
[2023-05-13 14:24:17] Database connection problem: 1203 : User soskduz_dbuser already has more than 'max_user_connections' active connections
[2023-05-13 14:24:17] Database connection problem: 1203 : User soskduz_dbuser already has more than 'max_user_connections' active connections
[2023-05-13 14:24:18] Database connection problem: 1203 : User soskduz_dbuser already has more than 'max_user_connections' active connections
[2023-05-13 14:24:19] Database connection problem: 1203 : User soskduz_dbuser already has more than 'max_user_connections' active connections
[2023-05-13 14:24:30] Database connection problem: 1203 : User soskduz_dbuser already has more than 'max_user_connections' active connections
[2023-05-13 14:24:35] Database connection problem: 1203 : User soskduz_dbuser already has more than 'max_user_connections' active connections
[2023-05-14 13:33:31] Database connection problem: 1203 : User soskduz_dbuser already has more than 'max_user_connections' active connections
[2023-05-14 13:33:31] Database connection problem: 1203 : User soskduz_dbuser already has more than 'max_user_connections' active connections
[2023-05-14 13:33:32] Database connection problem: 1203 : User soskduz_dbuser already has more than 'max_user_connections' active connections
[2023-05-14 13:33:32] Database connection problem: 1203 : User soskduz_dbuser already has more than 'max_user_connections' active connections
[2023-05-14 13:33:33] Database connection problem: 1203 : User soskduz_dbuser already has more than 'max_user_connections' active connections
[2023-05-14 13:33:33] Database connection problem: 1203 : User soskduz_dbuser already has more than 'max_user_connections' active connections
[2023-05-14 13:33:33] Database connection problem: 1203 : User soskduz_dbuser already has more than 'max_user_connections' active connections
[2023-05-14 13:33:33] Database connection problem: 1203 : User soskduz_dbuser already has more than 'max_user_connections' active connections
[2023-05-14 13:33:34] Database connection problem: 1203 : User soskduz_dbuser already has more than 'max_user_connections' active connections
[2023-05-14 13:33:34] Database connection problem: 1203 : User soskduz_dbuser already has more than 'max_user_connections' active connections
[2023-05-14 13:33:34] Database connection problem: 1203 : User soskduz_dbuser already has more than 'max_user_connections' active connections
[2023-05-14 13:33:34] Database connection problem: 1203 : User soskduz_dbuser already has more than 'max_user_connections' active connections
[2023-05-14 13:33:34] Database connection problem: 1203 : User soskduz_dbuser already has more than 'max_user_connections' active connections
[2023-05-14 13:33:35] Database connection problem: 1203 : User soskduz_dbuser already has more than 'max_user_connections' active connections
[2023-05-14 13:33:35] Database connection problem: 1203 : User soskduz_dbuser already has more than 'max_user_connections' active connections
[2023-05-14 13:33:35] Database connection problem: 1203 : User soskduz_dbuser already has more than 'max_user_connections' active connections
[2023-05-14 13:33:36] Database connection problem: 1203 : User soskduz_dbuser already has more than 'max_user_connections' active connections
[2023-05-14 13:33:36] Database connection problem: 1203 : User soskduz_dbuser already has more than 'max_user_connections' active connections
[2023-05-14 13:33:36] Database connection problem: 1203 : User soskduz_dbuser already has more than 'max_user_connections' active connections
[2023-05-14 13:33:37] Database connection problem: 1203 : User soskduz_dbuser already has more than 'max_user_connections' active connections
[2023-05-14 13:33:37] Database connection problem: 1203 : User soskduz_dbuser already has more than 'max_user_connections' active connections
[2023-05-14 13:33:37] Database connection problem: 1203 : User soskduz_dbuser already has more than 'max_user_connections' active connections
[2023-05-14 13:33:37] Database connection problem: 1203 : User soskduz_dbuser already has more than 'max_user_connections' active connections
[2023-05-14 13:33:37] Database connection problem: 1203 : User soskduz_dbuser already has more than 'max_user_connections' active connections
[2023-05-14 13:33:37] Database connection problem: 1203 : User soskduz_dbuser already has more than 'max_user_connections' active connections
[2023-05-14 13:33:38] Database connection problem: 1203 : User soskduz_dbuser already has more than 'max_user_connections' active connections
[2023-05-14 13:33:38] Database connection problem: 1203 : User soskduz_dbuser already has more than 'max_user_connections' active connections
[2023-05-14 13:33:38] Database connection problem: 1203 : User soskduz_dbuser already has more than 'max_user_connections' active connections
[2023-05-14 13:33:38] Database connection problem: 1203 : User soskduz_dbuser already has more than 'max_user_connections' active connections
[2023-05-14 13:33:39] Database connection problem: 1203 : User soskduz_dbuser already has more than 'max_user_connections' active connections
[2023-05-14 13:33:45] Database connection problem: 1203 : User soskduz_dbuser already has more than 'max_user_connections' active connections
[2023-05-14 13:33:49] Database connection problem: 1203 : User soskduz_dbuser already has more than 'max_user_connections' active connections
[2023-05-14 13:33:55] Database connection problem: 1203 : User soskduz_dbuser already has more than 'max_user_connections' active connections
[2023-05-14 13:33:55] Database connection problem: 1203 : User soskduz_dbuser already has more than 'max_user_connections' active connections
[2023-05-14 13:33:56] Database connection problem: 1203 : User soskduz_dbuser already has more than 'max_user_connections' active connections
[2023-05-14 13:33:56] Database connection problem: 1203 : User soskduz_dbuser already has more than 'max_user_connections' active connections
[2023-05-14 13:33:56] Database connection problem: 1203 : User soskduz_dbuser already has more than 'max_user_connections' active connections
[2023-05-14 13:33:57] Database connection problem: 1203 : User soskduz_dbuser already has more than 'max_user_connections' active connections
[2023-05-14 13:33:57] Database connection problem: 1203 : User soskduz_dbuser already has more than 'max_user_connections' active connections
[2023-05-14 13:34:05] Database connection problem: 1203 : User soskduz_dbuser already has more than 'max_user_connections' active connections
[2023-05-14 13:34:06] Database connection problem: 1203 : User soskduz_dbuser already has more than 'max_user_connections' active connections
[2023-05-14 13:34:07] Database connection problem: 1203 : User soskduz_dbuser already has more than 'max_user_connections' active connections
[2023-05-14 13:34:17] Database connection problem: 1203 : User soskduz_dbuser already has more than 'max_user_connections' active connections
[2023-05-14 13:34:17] Database connection problem: 1203 : User soskduz_dbuser already has more than 'max_user_connections' active connections
[2023-05-14 13:34:19] Database connection problem: 1203 : User soskduz_dbuser already has more than 'max_user_connections' active connections
[2023-05-14 13:34:19] Database connection problem: 1203 : User soskduz_dbuser already has more than 'max_user_connections' active connections
[2023-05-14 13:34:19] Database connection problem: 1203 : User soskduz_dbuser already has more than 'max_user_connections' active connections
[2023-05-14 13:34:19] Database connection problem: 1203 : User soskduz_dbuser already has more than 'max_user_connections' active connections
[2023-05-14 13:34:20] Database connection problem: 1203 : User soskduz_dbuser already has more than 'max_user_connections' active connections
[2023-05-14 13:34:20] Database connection problem: 1203 : User soskduz_dbuser already has more than 'max_user_connections' active connections
[2023-05-21 02:08:55] Database connection problem: 1203 : User soskduz_dbuser already has more than 'max_user_connections' active connections
[2023-05-21 02:08:55] Database connection problem: 1203 : User soskduz_dbuser already has more than 'max_user_connections' active connections
[2023-05-21 02:08:56] Database connection problem: 1203 : User soskduz_dbuser already has more than 'max_user_connections' active connections
[2023-05-21 02:08:57] Database connection problem: 1203 : User soskduz_dbuser already has more than 'max_user_connections' active connections
[2023-05-21 02:08:59] Database connection problem: 1203 : User soskduz_dbuser already has more than 'max_user_connections' active connections
[2023-05-21 02:09:00] Database connection problem: 1203 : User soskduz_dbuser already has more than 'max_user_connections' active connections
[2023-05-21 02:09:00] Database connection problem: 1203 : User soskduz_dbuser already has more than 'max_user_connections' active connections
[2023-05-21 02:09:01] Database connection problem: 1203 : User soskduz_dbuser already has more than 'max_user_connections' active connections
[2023-05-21 02:09:02] Database connection problem: 1203 : User soskduz_dbuser already has more than 'max_user_connections' active connections
[2023-05-21 02:09:03] Database connection problem: 1203 : User soskduz_dbuser already has more than 'max_user_connections' active connections
[2023-05-21 02:09:04] Database connection problem: 1203 : User soskduz_dbuser already has more than 'max_user_connections' active connections
[2023-05-21 02:09:05] Database connection problem: 1203 : User soskduz_dbuser already has more than 'max_user_connections' active connections
[2023-05-21 02:09:05] Database connection problem: 1203 : User soskduz_dbuser already has more than 'max_user_connections' active connections
[2023-05-21 02:09:08] Database connection problem: 1203 : User soskduz_dbuser already has more than 'max_user_connections' active connections
[2023-05-21 02:09:10] Database connection problem: 1203 : User soskduz_dbuser already has more than 'max_user_connections' active connections
[2023-05-21 02:10:48] Database connection problem: 1203 : User soskduz_dbuser already has more than 'max_user_connections' active connections
[2023-05-21 02:11:06] Database connection problem: 1203 : User soskduz_dbuser already has more than 'max_user_connections' active connections
[2023-06-09 01:11:42] Database connection problem: 1203 : User soskduz_dbuser already has more than 'max_user_connections' active connections
[2023-06-09 01:11:42] Database connection problem: 1203 : User soskduz_dbuser already has more than 'max_user_connections' active connections
[2023-06-12 15:48:40] Database connection problem: 1203 : User soskduz_dbuser already has more than 'max_user_connections' active connections
[2023-06-12 15:48:40] Database connection problem: 1203 : User soskduz_dbuser already has more than 'max_user_connections' active connections
[2023-06-12 15:48:40] Database connection problem: 1203 : User soskduz_dbuser already has more than 'max_user_connections' active connections
[2023-06-12 15:48:40] Database connection problem: 1203 : User soskduz_dbuser already has more than 'max_user_connections' active connections
[2023-06-12 15:48:41] Database connection problem: 1203 : User soskduz_dbuser already has more than 'max_user_connections' active connections
[2023-06-12 15:48:41] Database connection problem: 1203 : User soskduz_dbuser already has more than 'max_user_connections' active connections
[2023-06-12 15:48:42] Database connection problem: 1203 : User soskduz_dbuser already has more than 'max_user_connections' active connections
[2023-06-12 15:48:42] Database connection problem: 1203 : User soskduz_dbuser already has more than 'max_user_connections' active connections
[2023-06-12 15:48:44] Database connection problem: 1203 : User soskduz_dbuser already has more than 'max_user_connections' active connections
[2023-06-12 15:48:44] Database connection problem: 1203 : User soskduz_dbuser already has more than 'max_user_connections' active connections
[2023-06-12 15:48:45] Database connection problem: 1203 : User soskduz_dbuser already has more than 'max_user_connections' active connections
[2023-06-12 15:48:46] Database connection problem: 1203 : User soskduz_dbuser already has more than 'max_user_connections' active connections
[2023-06-12 15:48:46] Database connection problem: 1203 : User soskduz_dbuser already has more than 'max_user_connections' active connections
[2023-06-12 15:48:47] Database connection problem: 1203 : User soskduz_dbuser already has more than 'max_user_connections' active connections
[2023-06-12 15:48:48] Database connection problem: 1203 : User soskduz_dbuser already has more than 'max_user_connections' active connections
[2023-06-12 15:48:57] Database connection problem: 1203 : User soskduz_dbuser already has more than 'max_user_connections' active connections
[2023-06-12 15:49:12] Database connection problem: 1203 : User soskduz_dbuser already has more than 'max_user_connections' active connections
[2023-06-12 15:49:13] Database connection problem: 1203 : User soskduz_dbuser already has more than 'max_user_connections' active connections
[2023-06-12 15:49:26] Database connection problem: 1203 : User soskduz_dbuser already has more than 'max_user_connections' active connections
[2023-07-14 14:36:12] Database connection problem: 1203 : User soskduz_dbuser already has more than 'max_user_connections' active connections
[2023-07-14 14:36:17] Database connection problem: 1203 : User soskduz_dbuser already has more than 'max_user_connections' active connections
[2023-07-14 14:37:41] Database connection problem: 1203 : User soskduz_dbuser already has more than 'max_user_connections' active connections
[2023-07-14 14:37:54] Database connection problem: 1203 : User soskduz_dbuser already has more than 'max_user_connections' active connections
[2023-07-14 14:40:31] Database connection problem: 1203 : User soskduz_dbuser already has more than 'max_user_connections' active connections
[2023-07-19 00:07:52] Database connection problem: 1203 : User soskduz_dbuser already has more than 'max_user_connections' active connections
[2023-07-19 00:08:04] Database connection problem: 1203 : User soskduz_dbuser already has more than 'max_user_connections' active connections
[2023-08-15 18:37:40] Database connection problem: 2002 : Connection refused
[2023-11-30 13:10:57] Database connection problem: 2002 : No such file or directory
